<?xml version="1.0" encoding="UTF-8"?>
<testng-results ignored="0" total="1" passed="1" failed="0" skipped="0">
  <reporter-output>
  </reporter-output>
  <suite started-at="2022-01-24T17:33:18 IST" name="Default suite" finished-at="2022-01-24T17:33:18 IST" duration-ms="115">
    <groups>
    </groups>
    <test started-at="2022-01-24T17:33:18 IST" name="Default test" finished-at="2022-01-24T17:33:18 IST" duration-ms="115">
      <class name="comcastSDET29.Demo">
        <test-method signature="demo()[pri:0, instance:comcastSDET29.Demo@76f2bbc1]" started-at="2022-01-24T17:33:18 IST" name="demo" finished-at="2022-01-24T17:33:18 IST" duration-ms="17" status="PASS">
          <reporter-output>
          </reporter-output>
        </test-method> <!-- demo -->
      </class> <!-- comcastSDET29.Demo -->
    </test> <!-- Default test -->
  </suite> <!-- Default suite -->
</testng-results>
